{"numFailedTestSuites":0,"numFailedTests":0,"numPassedTestSuites":3,"numPassedTests":8,"numPendingTestSuites":0,"numPendingTests":0,"numRuntimeErrorTestSuites":0,"numTodoTests":0,"numTotalTestSuites":3,"numTotalTests":8,"openHandles":[],"snapshot":{"added":0,"didUpdate":false,"failure":false,"filesAdded":0,"filesRemoved":0,"filesRemovedList":[],"filesUnmatched":0,"filesUpdated":0,"matched":0,"total":0,"unchecked":0,"uncheckedKeysByFile":[],"unmatched":0,"updated":0},"startTime":1753728508223,"success":true,"testResults":[{"assertionResults":[{"ancestorTitles":["AlumniProfile"],"failureMessages":[],"fullName":"AlumniProfile renders all alumni details and mentorship badge","location":null,"status":"passed","title":"renders all alumni details and mentorship badge"},{"ancestorTitles":["AlumniProfile"],"failureMessages":[],"fullName":"AlumniProfile shows connection message when Connect is clicked","location":null,"status":"passed","title":"shows connection message when Connect is clicked"},{"ancestorTitles":["AlumniProfile"],"failureMessages":[],"fullName":"AlumniProfile does not show mentorship badge when not available","location":null,"status":"passed","title":"does not show mentorship badge when not available"}],"endTime":1753728510293,"message":"","name":"/home/coder/project/workspace/question_generation_service/solutions/b84114ae-07cd-4fda-9704-9398ad7f8110/reactapp/src/components/AlumniProfile.test.js","startTime":1753728508943,"status":"passed","summary":""},{"assertionResults":[{"ancestorTitles":["AlumniSearch"],"failureMessages":[],"fullName":"AlumniSearch calls onSearch with correct parameters on input change","location":null,"status":"passed","title":"calls onSearch with correct parameters on input change"},{"ancestorTitles":["AlumniSearch"],"failureMessages":[],"fullName":"AlumniSearch renders input, select, and checkbox","location":null,"status":"passed","title":"renders input, select, and checkbox"}],"endTime":1753728510308,"message":"","name":"/home/coder/project/workspace/question_generation_service/solutions/b84114ae-07cd-4fda-9704-9398ad7f8110/reactapp/src/components/AlumniSearch.test.js","startTime":1753728508945,"status":"passed","summary":""},{"assertionResults":[{"ancestorTitles":["AlumniList"],"failureMessages":[],"fullName":"AlumniList renders a list of alumni using AlumniProfile","location":null,"status":"passed","title":"renders a list of alumni using AlumniProfile"},{"ancestorTitles":["AlumniList"],"failureMessages":[],"fullName":"AlumniList shows empty state when alumniList is empty","location":null,"status":"passed","title":"shows empty state when alumniList is empty"},{"ancestorTitles":["AlumniList"],"failureMessages":[],"fullName":"AlumniList shows pagination controls and pages if more than 5 alumni","location":null,"status":"passed","title":"shows pagination controls and pages if more than 5 alumni"}],"endTime":1753728510373,"message":"","name":"/home/coder/project/workspace/question_generation_service/solutions/b84114ae-07cd-4fda-9704-9398ad7f8110/reactapp/src/components/AlumniList.test.js","startTime":1753728508972,"status":"passed","summary":""}],"wasInterrupted":false}